2018-10-18 20:55:23,730 INFO  [default] Init procedure ProcExtGen
2018-10-18 20:55:23,731 INFO  [default] Init procedure ProcUpdLazyVsNocol
2018-10-18 20:55:23,732 INFO  [default] Init procedure ProcExchangeSpike
2018-10-18 20:55:23,732 INFO  [default] Init procedure ProcStructuralPlasticity
2018-10-18 20:55:23,732 INFO  [default] Init procedure ProcSpkRec
2018-10-18 20:55:23,733 INFO  [default] Init procedure ProcSnapshot
2018-10-18 20:55:23,733 INFO  [default] Init procedure ProcCheck
2018-10-18 20:55:24,094 INFO  [default] Sim [ 0.999 ]
2018-10-18 20:55:24,416 INFO  [default] Sim [ 1.998 ]
2018-10-18 20:55:24,723 INFO  [default] Sim [ 2.997 ]
2018-10-18 20:55:25,071 INFO  [default] Sim [ 3.996 ]
2018-10-18 20:55:25,395 INFO  [default] Sim [ 4.995 ]
2018-10-18 20:55:25,859 INFO  [default] Sim [ 5.994 ]
2018-10-18 20:55:26,152 INFO  [default] Sim [ 6.993 ]
2018-10-18 20:55:26,454 INFO  [default] Sim [ 7.992 ]
2018-10-18 20:55:26,812 INFO  [default] Sim [ 8.991 ]
2018-10-18 20:55:27,138 INFO  [default] Sim [ 9.99 ]
2018-10-18 20:55:27,155 INFO  [default] Simulation [ END ]
2018-10-18 21:07:10,981 INFO  [default] Init procedure ProcExtGen
2018-10-18 21:07:10,981 INFO  [default] Init procedure ProcUpdLazyVsNocol
2018-10-18 21:07:10,982 INFO  [default] Init procedure ProcExchangeSpike
2018-10-18 21:07:10,983 INFO  [default] Init procedure ProcStructuralPlasticity
2018-10-18 21:07:10,983 INFO  [default] Init procedure ProcSpkRec
2018-10-18 21:07:10,986 INFO  [default] Init procedure ProcSnapshot
2018-10-18 21:07:10,986 INFO  [default] Init procedure ProcCheck
2018-10-18 21:07:11,475 INFO  [default] Sim [ 0.999 ]
2018-10-18 21:07:11,973 INFO  [default] Sim [ 1.998 ]
2018-10-18 21:07:12,480 INFO  [default] Sim [ 2.997 ]
2018-10-18 21:07:13,018 INFO  [default] Sim [ 3.996 ]
2018-10-18 21:07:13,579 INFO  [default] Sim [ 4.995 ]
2018-10-18 21:07:14,092 INFO  [default] Sim [ 5.994 ]
2018-10-18 21:07:14,594 INFO  [default] Sim [ 6.993 ]
2018-10-18 21:07:15,112 INFO  [default] Sim [ 7.992 ]
2018-10-18 21:07:15,633 INFO  [default] Sim [ 8.991 ]
2018-10-18 21:07:16,218 INFO  [default] Sim [ 9.99 ]
2018-10-18 21:07:16,242 INFO  [default] Simulation [ END ]
2018-10-18 21:14:37,991 INFO  [default] Init procedure ProcExtGen
2018-10-18 21:14:37,992 INFO  [default] Init procedure ProcUpdLazyVsNocol
2018-10-18 21:14:37,992 INFO  [default] Init procedure ProcExchangeSpike
2018-10-18 21:14:37,992 INFO  [default] Init procedure ProcStructuralPlasticity
2018-10-18 21:14:37,993 INFO  [default] Init procedure ProcSpkRec
2018-10-18 21:14:37,994 INFO  [default] Init procedure ProcSnapshot
2018-10-18 21:14:37,994 INFO  [default] Init procedure ProcCheck
2018-10-18 21:14:38,446 INFO  [default] Sim [ 0.999 ]
2018-10-18 21:14:38,904 INFO  [default] Sim [ 1.998 ]
2018-10-18 21:14:39,370 INFO  [default] Sim [ 2.997 ]
2018-10-18 21:14:39,824 INFO  [default] Sim [ 3.996 ]
2018-10-18 21:14:40,284 INFO  [default] Sim [ 4.995 ]
2018-10-18 21:14:40,735 INFO  [default] Sim [ 5.994 ]
2018-10-18 21:14:41,153 INFO  [default] Sim [ 6.993 ]
2018-10-18 21:14:41,574 INFO  [default] Sim [ 7.992 ]
2018-10-18 21:14:42,002 INFO  [default] Sim [ 8.991 ]
2018-10-18 21:14:42,431 INFO  [default] Sim [ 9.99 ]
2018-10-18 21:14:42,438 INFO  [default] Simulation [ END ]
2018-10-18 21:16:34,588 INFO  [default] Init procedure ProcExtGen
2018-10-18 21:16:34,589 INFO  [default] Init procedure ProcUpdLazyVsNocol
2018-10-18 21:16:34,590 INFO  [default] Init procedure ProcExchangeSpike
2018-10-18 21:16:34,590 INFO  [default] Init procedure ProcStructuralPlasticity
2018-10-18 21:16:34,590 INFO  [default] Init procedure ProcSpkRec
2018-10-18 21:16:34,591 INFO  [default] Init procedure ProcSnapshot
2018-10-18 21:16:34,591 INFO  [default] Init procedure ProcCheck
2018-10-18 21:16:35,019 INFO  [default] Sim [ 0.999 ]
2018-10-18 21:16:35,459 INFO  [default] Sim [ 1.998 ]
2018-10-18 21:16:35,931 INFO  [default] Sim [ 2.997 ]
2018-10-18 21:16:36,390 INFO  [default] Sim [ 3.996 ]
2018-10-18 21:16:36,847 INFO  [default] Sim [ 4.995 ]
2018-10-18 21:16:37,305 INFO  [default] Sim [ 5.994 ]
2018-10-18 21:16:37,756 INFO  [default] Sim [ 6.993 ]
2018-10-18 21:16:38,208 INFO  [default] Sim [ 7.992 ]
2018-10-18 21:16:38,671 INFO  [default] Sim [ 8.991 ]
2018-10-18 21:16:39,115 INFO  [default] Sim [ 9.99 ]
2018-10-18 21:16:39,122 INFO  [default] Simulation [ END ]
2018-10-18 21:17:14,998 INFO  [default] Init procedure ProcExtGen
2018-10-18 21:17:14,998 INFO  [default] Init procedure ProcUpdLazyVsNocol
2018-10-18 21:17:14,998 INFO  [default] Init procedure ProcExchangeSpike
2018-10-18 21:17:14,998 INFO  [default] Init procedure ProcStructuralPlasticity
2018-10-18 21:17:14,999 INFO  [default] Init procedure ProcSpkRec
2018-10-18 21:17:15,000 INFO  [default] Init procedure ProcSnapshot
2018-10-18 21:17:15,000 INFO  [default] Init procedure ProcCheck
2018-10-18 21:17:15,434 INFO  [default] Sim [ 0.999 ]
2018-10-18 21:17:15,906 INFO  [default] Sim [ 1.998 ]
2018-10-18 21:17:16,389 INFO  [default] Sim [ 2.997 ]
2018-10-18 21:17:16,848 INFO  [default] Sim [ 3.996 ]
2018-10-18 21:17:17,317 INFO  [default] Sim [ 4.995 ]
2018-10-18 21:17:17,803 INFO  [default] Sim [ 5.994 ]
2018-10-18 21:17:18,262 INFO  [default] Sim [ 6.993 ]
2018-10-18 21:17:18,717 INFO  [default] Sim [ 7.992 ]
2018-10-18 21:17:19,166 INFO  [default] Sim [ 8.991 ]
2018-10-18 21:17:19,615 INFO  [default] Sim [ 9.99 ]
2018-10-18 21:17:19,623 INFO  [default] Simulation [ END ]
2018-10-18 21:17:46,293 INFO  [default] Init procedure ProcExtGen
2018-10-18 21:17:46,293 INFO  [default] Init procedure ProcUpdLazyVsNocol
2018-10-18 21:17:46,294 INFO  [default] Init procedure ProcExchangeSpike
2018-10-18 21:17:46,295 INFO  [default] Init procedure ProcStructuralPlasticity
2018-10-18 21:17:46,295 INFO  [default] Init procedure ProcSpkRec
2018-10-18 21:17:46,296 INFO  [default] Init procedure ProcSnapshot
2018-10-18 21:17:46,296 INFO  [default] Init procedure ProcCheck
2018-10-18 21:17:46,727 INFO  [default] Sim [ 0.999 ]
2018-10-18 21:17:47,182 INFO  [default] Sim [ 1.998 ]
2018-10-18 21:17:47,632 INFO  [default] Sim [ 2.997 ]
2018-10-18 21:17:48,100 INFO  [default] Sim [ 3.996 ]
2018-10-18 21:17:48,566 INFO  [default] Sim [ 4.995 ]
2018-10-18 21:17:49,030 INFO  [default] Sim [ 5.994 ]
2018-10-18 21:17:49,488 INFO  [default] Sim [ 6.993 ]
2018-10-18 21:17:49,928 INFO  [default] Sim [ 7.992 ]
2018-10-18 21:17:50,386 INFO  [default] Sim [ 8.991 ]
2018-10-18 21:17:50,858 INFO  [default] Sim [ 9.99 ]
2018-10-18 21:17:50,866 INFO  [default] Simulation [ END ]
2019-04-04 22:57:04,340 FATAL [default] Arguments wrong, abort!
2019-04-04 22:57:04,347 WARN  [default] Aborting application. Reason: Fatal log at [/home/herenvarno/Project/gsbn/src/gsbn_sim/Main.cpp:43]
2019-04-04 22:58:26,304 INFO  [default] Init procedure ProcExtGen
2019-04-04 22:58:26,305 INFO  [default] Init procedure ProcUpdMulti
2019-04-04 22:58:26,306 INFO  [default] Init procedure ProcExchangeSpike
2019-04-04 22:58:26,306 INFO  [default] Init procedure ProcStructuralPlasticity
2019-04-04 22:58:26,306 INFO  [default] Init procedure ProcSpkRec
2019-04-04 22:58:26,306 FATAL [default] Check failed: [_zi2 = db.sync_vector_f32("zi2_" + to_string(_id))] 
2019-04-04 22:58:26,306 WARN  [default] Aborting application. Reason: Fatal log at [/home/herenvarno/Project/gsbn/src/gsbn/procedures/ProcSpkRec/Prj.cpp:14]
2019-04-04 23:00:07,852 INFO  [default] Init procedure ProcExtGen
2019-04-04 23:00:07,852 INFO  [default] Init procedure ProcUpdMulti
2019-04-04 23:00:07,853 INFO  [default] Init procedure ProcExchangeSpike
2019-04-04 23:00:07,853 INFO  [default] Init procedure ProcStructuralPlasticity
2019-04-04 23:00:07,853 INFO  [default] Init procedure ProcSpkRec
2019-04-04 23:00:07,854 FATAL [default] Check failed: [_zi2 = db.sync_vector_f32("zi2_" + to_string(_id))] 
2019-04-04 23:00:07,854 WARN  [default] Aborting application. Reason: Fatal log at [/home/herenvarno/Project/gsbn/src/gsbn/procedures/ProcSpkRec/Prj.cpp:14]
2019-04-04 23:02:57,541 INFO  [default] Init procedure ProcExtGen
2019-04-04 23:02:57,541 INFO  [default] Init procedure ProcUpdMulti
2019-04-04 23:02:57,541 INFO  [default] Init procedure ProcExchangeSpike
2019-04-04 23:02:57,541 INFO  [default] Init procedure ProcStructuralPlasticity
2019-04-04 23:02:57,541 INFO  [default] Init procedure ProcSpkRec
2019-04-04 23:02:57,542 INFO  [default] Init procedure ProcSnapshot
2019-04-04 23:02:57,542 INFO  [default] Init procedure ProcCheck
2019-04-04 23:02:57,615 INFO  [default] Sim [ 0.999 ]
2019-04-04 23:02:57,688 INFO  [default] Sim [ 1.998 ]
2019-04-04 23:02:57,769 INFO  [default] Sim [ 2.997 ]
2019-04-04 23:02:57,848 INFO  [default] Sim [ 3.996 ]
2019-04-04 23:02:57,931 INFO  [default] Sim [ 4.995 ]
2019-04-04 23:02:58,013 INFO  [default] Sim [ 5.994 ]
2019-04-04 23:02:58,099 INFO  [default] Sim [ 6.993 ]
2019-04-04 23:02:58,185 INFO  [default] Sim [ 7.992 ]
2019-04-04 23:02:58,272 INFO  [default] Sim [ 8.991 ]
2019-04-04 23:02:58,359 INFO  [default] Sim [ 9.99 ]
2019-04-04 23:02:58,446 INFO  [default] Sim [ 10.989 ]
2019-04-04 23:02:58,534 INFO  [default] Sim [ 11.988 ]
2019-04-04 23:02:58,622 INFO  [default] Sim [ 12.987 ]
2019-04-04 23:02:58,710 INFO  [default] Sim [ 13.986 ]
2019-04-04 23:02:58,813 INFO  [default] Sim [ 14.985 ]
2019-04-04 23:02:58,911 INFO  [default] Sim [ 15.984 ]
2019-04-04 23:02:59,016 INFO  [default] Sim [ 16.983 ]
2019-04-04 23:02:59,128 INFO  [default] Sim [ 17.982 ]
2019-04-04 23:02:59,232 INFO  [default] Sim [ 18.981 ]
2019-04-04 23:02:59,323 INFO  [default] Sim [ 19.98 ]
2019-04-04 23:02:59,410 INFO  [default] Sim [ 20.979 ]
2019-04-04 23:02:59,499 INFO  [default] Sim [ 21.978 ]
2019-04-04 23:02:59,587 INFO  [default] Sim [ 22.977 ]
2019-04-04 23:02:59,676 INFO  [default] Sim [ 23.976 ]
2019-04-04 23:02:59,763 INFO  [default] Sim [ 24.975 ]
2019-04-04 23:02:59,850 INFO  [default] Sim [ 25.974 ]
2019-04-04 23:02:59,937 INFO  [default] Sim [ 26.973 ]
2019-04-04 23:03:00,026 INFO  [default] Sim [ 27.972 ]
2019-04-04 23:03:00,114 INFO  [default] Sim [ 28.971 ]
2019-04-04 23:03:00,201 INFO  [default] Sim [ 29.97 ]
2019-04-04 23:03:00,289 INFO  [default] Sim [ 30.969 ]
2019-04-04 23:03:00,379 INFO  [default] Sim [ 31.968 ]
2019-04-04 23:03:00,468 INFO  [default] Sim [ 32.967 ]
2019-04-04 23:03:00,555 INFO  [default] Sim [ 33.966 ]
2019-04-04 23:03:00,643 INFO  [default] Sim [ 34.965 ]
2019-04-04 23:03:00,730 INFO  [default] Sim [ 35.964 ]
2019-04-04 23:03:00,820 INFO  [default] Sim [ 36.963 ]
2019-04-04 23:03:00,908 INFO  [default] Sim [ 37.962 ]
2019-04-04 23:03:00,995 INFO  [default] Sim [ 38.961 ]
2019-04-04 23:03:01,082 INFO  [default] Sim [ 39.96 ]
2019-04-04 23:03:01,171 INFO  [default] Sim [ 40.959 ]
2019-04-04 23:03:01,260 INFO  [default] Sim [ 41.958 ]
2019-04-04 23:03:01,347 INFO  [default] Sim [ 42.957 ]
2019-04-04 23:03:01,439 INFO  [default] Sim [ 43.956 ]
2019-04-04 23:03:01,527 INFO  [default] Sim [ 44.955 ]
2019-04-04 23:03:01,617 INFO  [default] Sim [ 45.954 ]
2019-04-04 23:03:01,712 INFO  [default] Sim [ 46.953 ]
2019-04-04 23:03:01,799 INFO  [default] Sim [ 47.952 ]
2019-04-04 23:03:01,887 INFO  [default] Sim [ 48.951 ]
2019-04-04 23:03:01,974 INFO  [default] Sim [ 49.95 ]
2019-04-04 23:03:02,060 INFO  [default] Sim [ 50.949 ]
2019-04-04 23:03:02,142 INFO  [default] Sim [ 51.948 ]
2019-04-04 23:03:02,229 INFO  [default] Sim [ 52.947 ]
2019-04-04 23:03:02,311 INFO  [default] Sim [ 53.946 ]
2019-04-04 23:03:02,392 INFO  [default] Sim [ 54.945 ]
2019-04-04 23:03:02,474 INFO  [default] Sim [ 55.944 ]
2019-04-04 23:03:02,556 INFO  [default] Sim [ 56.943 ]
2019-04-04 23:03:02,636 INFO  [default] Sim [ 57.942 ]
2019-04-04 23:03:02,718 INFO  [default] Sim [ 58.941 ]
2019-04-04 23:03:02,799 INFO  [default] Sim [ 59.94 ]
2019-04-04 23:03:02,880 INFO  [default] Sim [ 60.939 ]
2019-04-04 23:03:02,962 INFO  [default] Sim [ 61.938 ]
2019-04-04 23:03:03,049 INFO  [default] Sim [ 62.937 ]
2019-04-04 23:03:03,133 INFO  [default] Sim [ 63.936 ]
2019-04-04 23:03:03,219 INFO  [default] Sim [ 64.935 ]
2019-04-04 23:03:03,301 INFO  [default] Sim [ 65.934 ]
2019-04-04 23:03:03,382 INFO  [default] Sim [ 66.933 ]
2019-04-04 23:03:03,463 INFO  [default] Sim [ 67.932 ]
2019-04-04 23:03:03,544 INFO  [default] Sim [ 68.931 ]
2019-04-04 23:03:03,626 INFO  [default] Sim [ 69.93 ]
2019-04-04 23:03:03,708 INFO  [default] Sim [ 70.929 ]
2019-04-04 23:03:03,787 INFO  [default] Sim [ 71.928 ]
2019-04-04 23:03:03,869 INFO  [default] Sim [ 72.927 ]
2019-04-04 23:03:03,950 INFO  [default] Sim [ 73.926 ]
2019-04-04 23:03:04,030 INFO  [default] Sim [ 74.925 ]
2019-04-04 23:03:04,111 INFO  [default] Sim [ 75.924 ]
2019-04-04 23:03:04,192 INFO  [default] Sim [ 76.923 ]
2019-04-04 23:03:04,274 INFO  [default] Sim [ 77.922 ]
2019-04-04 23:03:04,355 INFO  [default] Sim [ 78.921 ]
2019-04-04 23:03:04,437 INFO  [default] Sim [ 79.92 ]
2019-04-04 23:03:04,519 INFO  [default] Sim [ 80.919 ]
2019-04-04 23:03:04,601 INFO  [default] Sim [ 81.918 ]
2019-04-04 23:03:04,684 INFO  [default] Sim [ 82.917 ]
2019-04-04 23:03:04,773 INFO  [default] Sim [ 83.916 ]
2019-04-04 23:03:04,861 INFO  [default] Sim [ 84.915 ]
2019-04-04 23:03:04,948 INFO  [default] Sim [ 85.914 ]
2019-04-04 23:03:05,030 INFO  [default] Sim [ 86.913 ]
2019-04-04 23:03:05,112 INFO  [default] Sim [ 87.912 ]
2019-04-04 23:03:05,199 INFO  [default] Sim [ 88.911 ]
2019-04-04 23:03:05,281 INFO  [default] Sim [ 89.91 ]
2019-04-04 23:03:05,362 INFO  [default] Sim [ 90.909 ]
2019-04-04 23:03:05,444 INFO  [default] Sim [ 91.908 ]
2019-04-04 23:03:05,525 INFO  [default] Sim [ 92.907 ]
2019-04-04 23:03:05,607 INFO  [default] Sim [ 93.906 ]
2019-04-04 23:03:05,690 INFO  [default] Sim [ 94.905 ]
2019-04-04 23:03:05,773 INFO  [default] Sim [ 95.904 ]
2019-04-04 23:03:05,856 INFO  [default] Sim [ 96.903 ]
2019-04-04 23:03:05,939 INFO  [default] Sim [ 97.902 ]
2019-04-04 23:03:06,021 INFO  [default] Sim [ 98.901 ]
2019-04-04 23:03:06,104 INFO  [default] Sim [ 99.9 ]
2019-04-04 23:03:06,113 INFO  [default] Simulation [ END ]
2019-04-04 23:03:14,937 INFO  [default] Init procedure ProcExtGen
2019-04-04 23:03:14,937 INFO  [default] Init procedure ProcUpdMulti
2019-04-04 23:03:14,937 INFO  [default] Init procedure ProcExchangeSpike
2019-04-04 23:03:14,937 INFO  [default] Init procedure ProcStructuralPlasticity
2019-04-04 23:03:14,937 INFO  [default] Init procedure ProcSpkRec
2019-04-04 23:03:14,938 INFO  [default] Init procedure ProcSnapshot
2019-04-04 23:03:14,938 INFO  [default] Init procedure ProcCheck
2019-04-04 23:03:15,010 INFO  [default] Sim [ 0.999 ]
2019-04-04 23:03:15,082 INFO  [default] Sim [ 1.998 ]
2019-04-04 23:03:15,161 INFO  [default] Sim [ 2.997 ]
2019-04-04 23:03:15,243 INFO  [default] Sim [ 3.996 ]
2019-04-04 23:03:15,324 INFO  [default] Sim [ 4.995 ]
2019-04-04 23:03:15,406 INFO  [default] Sim [ 5.994 ]
2019-04-04 23:03:15,491 INFO  [default] Sim [ 6.993 ]
2019-04-04 23:03:15,577 INFO  [default] Sim [ 7.992 ]
2019-04-04 23:03:15,664 INFO  [default] Sim [ 8.991 ]
2019-04-04 23:03:15,749 INFO  [default] Sim [ 9.99 ]
2019-04-04 23:03:15,834 INFO  [default] Sim [ 10.989 ]
2019-04-04 23:03:15,922 INFO  [default] Sim [ 11.988 ]
2019-04-04 23:03:16,009 INFO  [default] Sim [ 12.987 ]
2019-04-04 23:03:16,097 INFO  [default] Sim [ 13.986 ]
2019-04-04 23:03:16,184 INFO  [default] Sim [ 14.985 ]
2019-04-04 23:03:16,274 INFO  [default] Sim [ 15.984 ]
2019-04-04 23:03:16,362 INFO  [default] Sim [ 16.983 ]
2019-04-04 23:03:16,450 INFO  [default] Sim [ 17.982 ]
2019-04-04 23:03:16,538 INFO  [default] Sim [ 18.981 ]
2019-04-04 23:03:16,626 INFO  [default] Sim [ 19.98 ]
2019-04-04 23:03:16,713 INFO  [default] Sim [ 20.979 ]
2019-04-04 23:03:16,800 INFO  [default] Sim [ 21.978 ]
2019-04-04 23:03:16,889 INFO  [default] Sim [ 22.977 ]
2019-04-04 23:03:16,975 INFO  [default] Sim [ 23.976 ]
2019-04-04 23:03:17,064 INFO  [default] Sim [ 24.975 ]
2019-04-04 23:03:17,151 INFO  [default] Sim [ 25.974 ]
2019-04-04 23:03:17,238 INFO  [default] Sim [ 26.973 ]
2019-04-04 23:03:17,324 INFO  [default] Sim [ 27.972 ]
2019-04-04 23:03:17,412 INFO  [default] Sim [ 28.971 ]
2019-04-04 23:03:17,499 INFO  [default] Sim [ 29.97 ]
2019-04-04 23:03:17,586 INFO  [default] Sim [ 30.969 ]
2019-04-04 23:03:17,674 INFO  [default] Sim [ 31.968 ]
2019-04-04 23:03:17,760 INFO  [default] Sim [ 32.967 ]
2019-04-04 23:03:17,847 INFO  [default] Sim [ 33.966 ]
2019-04-04 23:03:17,935 INFO  [default] Sim [ 34.965 ]
2019-04-04 23:03:18,022 INFO  [default] Sim [ 35.964 ]
2019-04-04 23:03:18,108 INFO  [default] Sim [ 36.963 ]
2019-04-04 23:03:18,193 INFO  [default] Sim [ 37.962 ]
2019-04-04 23:03:18,280 INFO  [default] Sim [ 38.961 ]
2019-04-04 23:03:18,367 INFO  [default] Sim [ 39.96 ]
2019-04-04 23:03:18,454 INFO  [default] Sim [ 40.959 ]
2019-04-04 23:03:18,543 INFO  [default] Sim [ 41.958 ]
2019-04-04 23:03:18,630 INFO  [default] Sim [ 42.957 ]
2019-04-04 23:03:18,718 INFO  [default] Sim [ 43.956 ]
2019-04-04 23:03:18,806 INFO  [default] Sim [ 44.955 ]
2019-04-04 23:03:18,902 INFO  [default] Sim [ 45.954 ]
2019-04-04 23:03:18,988 INFO  [default] Sim [ 46.953 ]
2019-04-04 23:03:19,076 INFO  [default] Sim [ 47.952 ]
2019-04-04 23:03:19,163 INFO  [default] Sim [ 48.951 ]
2019-04-04 23:03:19,252 INFO  [default] Sim [ 49.95 ]
2019-04-04 23:03:19,338 INFO  [default] Sim [ 50.949 ]
2019-04-04 23:03:19,420 INFO  [default] Sim [ 51.948 ]
2019-04-04 23:03:19,501 INFO  [default] Sim [ 52.947 ]
2019-04-04 23:03:19,583 INFO  [default] Sim [ 53.946 ]
2019-04-04 23:03:19,663 INFO  [default] Sim [ 54.945 ]
2019-04-04 23:03:19,744 INFO  [default] Sim [ 55.944 ]
2019-04-04 23:03:19,825 INFO  [default] Sim [ 56.943 ]
2019-04-04 23:03:19,908 INFO  [default] Sim [ 57.942 ]
2019-04-04 23:03:19,989 INFO  [default] Sim [ 58.941 ]
2019-04-04 23:03:20,071 INFO  [default] Sim [ 59.94 ]
2019-04-04 23:03:20,152 INFO  [default] Sim [ 60.939 ]
2019-04-04 23:03:20,232 INFO  [default] Sim [ 61.938 ]
2019-04-04 23:03:20,315 INFO  [default] Sim [ 62.937 ]
2019-04-04 23:03:20,402 INFO  [default] Sim [ 63.936 ]
2019-04-04 23:03:20,484 INFO  [default] Sim [ 64.935 ]
2019-04-04 23:03:20,565 INFO  [default] Sim [ 65.934 ]
2019-04-04 23:03:20,647 INFO  [default] Sim [ 66.933 ]
2019-04-04 23:03:20,728 INFO  [default] Sim [ 67.932 ]
2019-04-04 23:03:20,810 INFO  [default] Sim [ 68.931 ]
2019-04-04 23:03:20,900 INFO  [default] Sim [ 69.93 ]
2019-04-04 23:03:20,983 INFO  [default] Sim [ 70.929 ]
2019-04-04 23:03:21,066 INFO  [default] Sim [ 71.928 ]
2019-04-04 23:03:21,148 INFO  [default] Sim [ 72.927 ]
2019-04-04 23:03:21,235 INFO  [default] Sim [ 73.926 ]
2019-04-04 23:03:21,317 INFO  [default] Sim [ 74.925 ]
2019-04-04 23:03:21,398 INFO  [default] Sim [ 75.924 ]
2019-04-04 23:03:21,478 INFO  [default] Sim [ 76.923 ]
2019-04-04 23:03:21,559 INFO  [default] Sim [ 77.922 ]
2019-04-04 23:03:21,644 INFO  [default] Sim [ 78.921 ]
2019-04-04 23:03:21,725 INFO  [default] Sim [ 79.92 ]
2019-04-04 23:03:21,805 INFO  [default] Sim [ 80.919 ]
2019-04-04 23:03:21,886 INFO  [default] Sim [ 81.918 ]
2019-04-04 23:03:21,968 INFO  [default] Sim [ 82.917 ]
2019-04-04 23:03:22,049 INFO  [default] Sim [ 83.916 ]
2019-04-04 23:03:22,130 INFO  [default] Sim [ 84.915 ]
2019-04-04 23:03:22,210 INFO  [default] Sim [ 85.914 ]
2019-04-04 23:03:22,291 INFO  [default] Sim [ 86.913 ]
2019-04-04 23:03:22,372 INFO  [default] Sim [ 87.912 ]
2019-04-04 23:03:22,453 INFO  [default] Sim [ 88.911 ]
2019-04-04 23:03:22,534 INFO  [default] Sim [ 89.91 ]
2019-04-04 23:03:22,615 INFO  [default] Sim [ 90.909 ]
2019-04-04 23:03:22,695 INFO  [default] Sim [ 91.908 ]
2019-04-04 23:03:22,776 INFO  [default] Sim [ 92.907 ]
2019-04-04 23:03:22,857 INFO  [default] Sim [ 93.906 ]
2019-04-04 23:03:22,939 INFO  [default] Sim [ 94.905 ]
2019-04-04 23:03:23,020 INFO  [default] Sim [ 95.904 ]
2019-04-04 23:03:23,101 INFO  [default] Sim [ 96.903 ]
2019-04-04 23:03:23,182 INFO  [default] Sim [ 97.902 ]
2019-04-04 23:03:23,263 INFO  [default] Sim [ 98.901 ]
2019-04-04 23:03:23,344 INFO  [default] Sim [ 99.9 ]
2019-04-04 23:03:23,353 INFO  [default] Simulation [ END ]
